<?xml version="1.0" ?>
<testsuites assertions="64" disabled="0" errors="0" failures="0" skipped="27" tests="47" time="0.0">
	<testsuite assertions="16" disabled="0" errors="0" failures="0" name="export_dicts" skipped="8" tests="12" time="0">
		<testcase name="01" assertions="4" classname="export_dicts" url="[test job link](https://jenkins.admin.dettonville.int/job/INFRA/job/repo-test-automation/job/ansible-utils/job/run-module-tests/job/main/107/)">
			<properties>
				<property name="assertions" value="{'validate_changed': {'failed': False, 'msg': 'All assertions passed'}, 'validate_failed': {'failed': False, 'msg': 'All assertions passed'}, 'validate_message': {'failed': False, 'msg': 'All assertions passed'}, 'validate_results': {'failed': False, 'msg': 'All assertions passed'}}"/>
				<property name="test_case_id" value="01"/>
				<property name="test_collection_version" value="2025.7.30"/>
				<property name="test_component_git_branch" value="main"/>
				<property name="test_component_git_commit_hash" value="fead686"/>
				<property name="test_date" value="2025-08-02T02:54:33Z"/>
				<property name="test_description" value="CSV test"/>
				<property name="test_failed" value="False"/>
				<property name="test_job_link" value="[test job link](https://jenkins.admin.dettonville.int/job/INFRA/job/repo-test-automation/job/ansible-utils/job/run-module-tests/job/main/107/)"/>
			</properties>
		</testcase>
		<testcase name="02" assertions="4" classname="export_dicts" url="[test job link](https://jenkins.admin.dettonville.int/job/INFRA/job/repo-test-automation/job/ansible-utils/job/run-module-tests/job/main/107/)">
			<properties>
				<property name="assertions" value="{'validate_changed': {'failed': False, 'msg': 'All assertions passed'}, 'validate_failed': {'failed': False, 'msg': 'All assertions passed'}, 'validate_message': {'failed': False, 'msg': 'All assertions passed'}, 'validate_results': {'failed': False, 'msg': 'All assertions passed'}}"/>
				<property name="test_case_id" value="02"/>
				<property name="test_collection_version" value="2025.7.30"/>
				<property name="test_component_git_branch" value="main"/>
				<property name="test_component_git_commit_hash" value="fead686"/>
				<property name="test_date" value="2025-08-02T02:54:33Z"/>
				<property name="test_description" value="CSV test - empty key value"/>
				<property name="test_failed" value="False"/>
				<property name="test_job_link" value="[test job link](https://jenkins.admin.dettonville.int/job/INFRA/job/repo-test-automation/job/ansible-utils/job/run-module-tests/job/main/107/)"/>
			</properties>
		</testcase>
		<testcase name="03" assertions="4" classname="export_dicts" url="[test job link](https://jenkins.admin.dettonville.int/job/INFRA/job/repo-test-automation/job/ansible-utils/job/run-module-tests/job/main/107/)">
			<properties>
				<property name="assertions" value="{'validate_changed': {'failed': False, 'msg': 'All assertions passed'}, 'validate_failed': {'failed': False, 'msg': 'All assertions passed'}, 'validate_message': {'failed': False, 'msg': 'All assertions passed'}, 'validate_results': {'failed': False, 'msg': 'All assertions passed'}}"/>
				<property name="test_case_id" value="03"/>
				<property name="test_collection_version" value="2025.7.30"/>
				<property name="test_component_git_branch" value="main"/>
				<property name="test_component_git_commit_hash" value="fead686"/>
				<property name="test_date" value="2025-08-02T02:54:33Z"/>
				<property name="test_description" value="CSV test - encoded string values"/>
				<property name="test_failed" value="False"/>
				<property name="test_job_link" value="[test job link](https://jenkins.admin.dettonville.int/job/INFRA/job/repo-test-automation/job/ansible-utils/job/run-module-tests/job/main/107/)"/>
			</properties>
		</testcase>
		<testcase name="04" assertions="4" classname="export_dicts" url="[test job link](https://jenkins.admin.dettonville.int/job/INFRA/job/repo-test-automation/job/ansible-utils/job/run-module-tests/job/main/107/)">
			<properties>
				<property name="assertions" value="{'validate_changed': {'failed': False, 'msg': 'All assertions passed'}, 'validate_failed': {'failed': False, 'msg': 'All assertions passed'}, 'validate_message': {'failed': False, 'msg': 'All assertions passed'}, 'validate_results': {'failed': False, 'msg': 'All assertions passed'}}"/>
				<property name="test_case_id" value="04"/>
				<property name="test_collection_version" value="2025.7.30"/>
				<property name="test_component_git_branch" value="main"/>
				<property name="test_component_git_commit_hash" value="fead686"/>
				<property name="test_date" value="2025-08-02T02:54:33Z"/>
				<property name="test_description" value="CSV test - export with specified columns"/>
				<property name="test_failed" value="False"/>
				<property name="test_job_link" value="[test job link](https://jenkins.admin.dettonville.int/job/INFRA/job/repo-test-automation/job/ansible-utils/job/run-module-tests/job/main/107/)"/>
			</properties>
		</testcase>
		<testcase name="05" classname="export_dicts">
			<skipped type="skipped">test_suite_id:test_case_id=export_dicts:05 skipped</skipped>
		</testcase>
		<testcase name="06" classname="export_dicts">
			<skipped type="skipped">test_suite_id:test_case_id=export_dicts:06 skipped</skipped>
		</testcase>
		<testcase name="07" classname="export_dicts">
			<skipped type="skipped">test_suite_id:test_case_id=export_dicts:07 skipped</skipped>
		</testcase>
		<testcase name="08" classname="export_dicts">
			<skipped type="skipped">test_suite_id:test_case_id=export_dicts:08 skipped</skipped>
		</testcase>
		<testcase name="09" classname="export_dicts">
			<skipped type="skipped">test_suite_id:test_case_id=export_dicts:09 skipped</skipped>
		</testcase>
		<testcase name="10" classname="export_dicts">
			<skipped type="skipped">test_suite_id:test_case_id=export_dicts:10 skipped</skipped>
		</testcase>
		<testcase name="11" classname="export_dicts">
			<skipped type="skipped">test_suite_id:test_case_id=export_dicts:11 skipped</skipped>
		</testcase>
		<testcase name="12" classname="export_dicts">
			<skipped type="skipped">test_suite_id:test_case_id=export_dicts:12 skipped</skipped>
		</testcase>
	</testsuite>
	<testsuite assertions="12" disabled="0" errors="0" failures="0" name="git_pacp" skipped="2" tests="6" time="0">
		<testcase name="01" assertions="3" classname="git_pacp" url="[test job link](https://jenkins.admin.dettonville.int/job/INFRA/job/repo-test-automation/job/ansible-utils/job/run-module-tests/job/main/107/)">
			<properties>
				<property name="assertions" value="{'validate_changed': {'failed': False, 'msg': 'All assertions passed'}, 'validate_failed': {'failed': False, 'msg': 'All assertions passed'}, 'validate_results': {'failed': False, 'msg': 'All assertions passed'}}"/>
				<property name="test_case_id" value="01"/>
				<property name="test_collection_version" value="2025.7.30"/>
				<property name="test_component_git_branch" value="main"/>
				<property name="test_component_git_commit_hash" value="fead686"/>
				<property name="test_date" value="2025-08-02T02:54:33Z"/>
				<property name="test_description" value="SSH - NO-OP - expect result with changed: false"/>
				<property name="test_failed" value="False"/>
				<property name="test_job_link" value="[test job link](https://jenkins.admin.dettonville.int/job/INFRA/job/repo-test-automation/job/ansible-utils/job/run-module-tests/job/main/107/)"/>
			</properties>
		</testcase>
		<testcase name="02" assertions="3" classname="git_pacp" url="[test job link](https://jenkins.admin.dettonville.int/job/INFRA/job/repo-test-automation/job/ansible-utils/job/run-module-tests/job/main/107/)">
			<properties>
				<property name="assertions" value="{'validate_changed': {'failed': False, 'msg': 'All assertions passed'}, 'validate_failed': {'failed': False, 'msg': 'All assertions passed'}, 'validate_results': {'failed': False, 'msg': 'All assertions passed'}}"/>
				<property name="test_case_id" value="02"/>
				<property name="test_collection_version" value="2025.7.30"/>
				<property name="test_component_git_branch" value="main"/>
				<property name="test_component_git_commit_hash" value="fead686"/>
				<property name="test_date" value="2025-08-02T02:54:33Z"/>
				<property name="test_description" value="SSH - add test file"/>
				<property name="test_failed" value="False"/>
				<property name="test_job_link" value="[test job link](https://jenkins.admin.dettonville.int/job/INFRA/job/repo-test-automation/job/ansible-utils/job/run-module-tests/job/main/107/)"/>
			</properties>
		</testcase>
		<testcase name="03" assertions="3" classname="git_pacp" url="[test job link](https://jenkins.admin.dettonville.int/job/INFRA/job/repo-test-automation/job/ansible-utils/job/run-module-tests/job/main/107/)">
			<properties>
				<property name="assertions" value="{'validate_changed': {'failed': False, 'msg': 'All assertions passed'}, 'validate_failed': {'failed': False, 'msg': 'All assertions passed'}, 'validate_results': {'failed': False, 'msg': 'All assertions passed'}}"/>
				<property name="test_case_id" value="03"/>
				<property name="test_collection_version" value="2025.7.30"/>
				<property name="test_component_git_branch" value="main"/>
				<property name="test_component_git_commit_hash" value="fead686"/>
				<property name="test_date" value="2025-08-02T02:54:33Z"/>
				<property name="test_description" value="SSH - add test file with explicit `add` path"/>
				<property name="test_failed" value="False"/>
				<property name="test_job_link" value="[test job link](https://jenkins.admin.dettonville.int/job/INFRA/job/repo-test-automation/job/ansible-utils/job/run-module-tests/job/main/107/)"/>
			</properties>
		</testcase>
		<testcase name="04" assertions="3" classname="git_pacp" url="[test job link](https://jenkins.admin.dettonville.int/job/INFRA/job/repo-test-automation/job/ansible-utils/job/run-module-tests/job/main/107/)">
			<properties>
				<property name="assertions" value="{'validate_changed': {'failed': False, 'msg': 'All assertions passed'}, 'validate_failed': {'failed': False, 'msg': 'All assertions passed'}, 'validate_results': {'failed': False, 'msg': 'All assertions passed'}}"/>
				<property name="test_case_id" value="04"/>
				<property name="test_collection_version" value="2025.7.30"/>
				<property name="test_component_git_branch" value="main"/>
				<property name="test_component_git_commit_hash" value="fead686"/>
				<property name="test_date" value="2025-08-02T02:54:33Z"/>
				<property name="test_description" value="SSH - expect default `add` path work"/>
				<property name="test_failed" value="False"/>
				<property name="test_job_link" value="[test job link](https://jenkins.admin.dettonville.int/job/INFRA/job/repo-test-automation/job/ansible-utils/job/run-module-tests/job/main/107/)"/>
			</properties>
		</testcase>
		<testcase name="05" classname="git_pacp">
			<skipped type="skipped">test_suite_id:test_case_id=git_pacp:05 skipped</skipped>
		</testcase>
		<testcase name="06" classname="git_pacp">
			<skipped type="skipped">test_suite_id:test_case_id=git_pacp:06 skipped</skipped>
		</testcase>
	</testsuite>
	<testsuite assertions="12" disabled="0" errors="0" failures="0" name="remove_dict_keys" skipped="6" tests="10" time="0">
		<testcase name="01" assertions="3" classname="remove_dict_keys" url="[test job link](https://jenkins.admin.dettonville.int/job/INFRA/job/repo-test-automation/job/ansible-utils/job/run-module-tests/job/main/107/)">
			<properties>
				<property name="assertions" value="{'validate_changed': {'failed': False, 'msg': 'All assertions passed'}, 'validate_failed': {'failed': False, 'msg': 'All assertions passed'}, 'validate_results': {'failed': False, 'msg': 'All assertions passed'}}"/>
				<property name="test_case_id" value="01"/>
				<property name="test_collection_version" value="2025.7.30"/>
				<property name="test_component_git_branch" value="main"/>
				<property name="test_component_git_commit_hash" value="fead686"/>
				<property name="test_date" value="2025-08-02T02:54:33Z"/>
				<property name="test_description" value="dict object - single key remove test"/>
				<property name="test_failed" value="False"/>
				<property name="test_job_link" value="[test job link](https://jenkins.admin.dettonville.int/job/INFRA/job/repo-test-automation/job/ansible-utils/job/run-module-tests/job/main/107/)"/>
			</properties>
		</testcase>
		<testcase name="02" assertions="3" classname="remove_dict_keys" url="[test job link](https://jenkins.admin.dettonville.int/job/INFRA/job/repo-test-automation/job/ansible-utils/job/run-module-tests/job/main/107/)">
			<properties>
				<property name="assertions" value="{'validate_changed': {'failed': False, 'msg': 'All assertions passed'}, 'validate_failed': {'failed': False, 'msg': 'All assertions passed'}, 'validate_results': {'failed': False, 'msg': 'All assertions passed'}}"/>
				<property name="test_case_id" value="02"/>
				<property name="test_collection_version" value="2025.7.30"/>
				<property name="test_component_git_branch" value="main"/>
				<property name="test_component_git_commit_hash" value="fead686"/>
				<property name="test_date" value="2025-08-02T02:54:33Z"/>
				<property name="test_description" value="dict object - multi key remove test"/>
				<property name="test_failed" value="False"/>
				<property name="test_job_link" value="[test job link](https://jenkins.admin.dettonville.int/job/INFRA/job/repo-test-automation/job/ansible-utils/job/run-module-tests/job/main/107/)"/>
			</properties>
		</testcase>
		<testcase name="03" assertions="3" classname="remove_dict_keys" url="[test job link](https://jenkins.admin.dettonville.int/job/INFRA/job/repo-test-automation/job/ansible-utils/job/run-module-tests/job/main/107/)">
			<properties>
				<property name="assertions" value="{'validate_changed': {'failed': False, 'msg': 'All assertions passed'}, 'validate_failed': {'failed': False, 'msg': 'All assertions passed'}, 'validate_results': {'failed': False, 'msg': 'All assertions passed'}}"/>
				<property name="test_case_id" value="03"/>
				<property name="test_collection_version" value="2025.7.30"/>
				<property name="test_component_git_branch" value="main"/>
				<property name="test_component_git_commit_hash" value="fead686"/>
				<property name="test_date" value="2025-08-02T02:54:33Z"/>
				<property name="test_description" value="dict object - multi key remove test using regex"/>
				<property name="test_failed" value="False"/>
				<property name="test_job_link" value="[test job link](https://jenkins.admin.dettonville.int/job/INFRA/job/repo-test-automation/job/ansible-utils/job/run-module-tests/job/main/107/)"/>
			</properties>
		</testcase>
		<testcase name="04" assertions="3" classname="remove_dict_keys" url="[test job link](https://jenkins.admin.dettonville.int/job/INFRA/job/repo-test-automation/job/ansible-utils/job/run-module-tests/job/main/107/)">
			<properties>
				<property name="assertions" value="{'validate_changed': {'failed': False, 'msg': 'All assertions passed'}, 'validate_failed': {'failed': False, 'msg': 'All assertions passed'}, 'validate_results': {'failed': False, 'msg': 'All assertions passed'}}"/>
				<property name="test_case_id" value="04"/>
				<property name="test_collection_version" value="2025.7.30"/>
				<property name="test_component_git_branch" value="main"/>
				<property name="test_component_git_commit_hash" value="fead686"/>
				<property name="test_date" value="2025-08-02T02:54:33Z"/>
				<property name="test_description" value="dict object - empty object remove test"/>
				<property name="test_failed" value="False"/>
				<property name="test_job_link" value="[test job link](https://jenkins.admin.dettonville.int/job/INFRA/job/repo-test-automation/job/ansible-utils/job/run-module-tests/job/main/107/)"/>
			</properties>
		</testcase>
		<testcase name="05" classname="remove_dict_keys">
			<skipped type="skipped">test_suite_id:test_case_id=remove_dict_keys:05 skipped</skipped>
		</testcase>
		<testcase name="06" classname="remove_dict_keys">
			<skipped type="skipped">test_suite_id:test_case_id=remove_dict_keys:06 skipped</skipped>
		</testcase>
		<testcase name="07" classname="remove_dict_keys">
			<skipped type="skipped">test_suite_id:test_case_id=remove_dict_keys:07 skipped</skipped>
		</testcase>
		<testcase name="08" classname="remove_dict_keys">
			<skipped type="skipped">test_suite_id:test_case_id=remove_dict_keys:08 skipped</skipped>
		</testcase>
		<testcase name="09" classname="remove_dict_keys">
			<skipped type="skipped">test_suite_id:test_case_id=remove_dict_keys:09 skipped</skipped>
		</testcase>
		<testcase name="10" classname="remove_dict_keys">
			<skipped type="skipped">test_suite_id:test_case_id=remove_dict_keys:10 skipped</skipped>
		</testcase>
	</testsuite>
	<testsuite assertions="12" disabled="0" errors="0" failures="0" name="remove_sensitive_keys" skipped="2" tests="6" time="0">
		<testcase name="01" assertions="3" classname="remove_sensitive_keys" url="[test job link](https://jenkins.admin.dettonville.int/job/INFRA/job/repo-test-automation/job/ansible-utils/job/run-module-tests/job/main/107/)">
			<properties>
				<property name="assertions" value="{'validate_changed': {'failed': False, 'msg': 'All assertions passed'}, 'validate_failed': {'failed': False, 'msg': 'All assertions passed'}, 'validate_results': {'failed': False, 'msg': 'All assertions passed'}}"/>
				<property name="test_case_id" value="01"/>
				<property name="test_collection_version" value="2025.7.30"/>
				<property name="test_component_git_branch" value="main"/>
				<property name="test_component_git_commit_hash" value="fead686"/>
				<property name="test_date" value="2025-08-02T02:54:33Z"/>
				<property name="test_description" value="dict object - remove sensitive keys"/>
				<property name="test_failed" value="False"/>
				<property name="test_job_link" value="[test job link](https://jenkins.admin.dettonville.int/job/INFRA/job/repo-test-automation/job/ansible-utils/job/run-module-tests/job/main/107/)"/>
			</properties>
		</testcase>
		<testcase name="02" assertions="3" classname="remove_sensitive_keys" url="[test job link](https://jenkins.admin.dettonville.int/job/INFRA/job/repo-test-automation/job/ansible-utils/job/run-module-tests/job/main/107/)">
			<properties>
				<property name="assertions" value="{'validate_changed': {'failed': False, 'msg': 'All assertions passed'}, 'validate_failed': {'failed': False, 'msg': 'All assertions passed'}, 'validate_results': {'failed': False, 'msg': 'All assertions passed'}}"/>
				<property name="test_case_id" value="02"/>
				<property name="test_collection_version" value="2025.7.30"/>
				<property name="test_component_git_branch" value="main"/>
				<property name="test_component_git_commit_hash" value="fead686"/>
				<property name="test_date" value="2025-08-02T02:54:33Z"/>
				<property name="test_description" value="dict object - remove additional sensitive keys with additional_key_patterns defined"/>
				<property name="test_failed" value="False"/>
				<property name="test_job_link" value="[test job link](https://jenkins.admin.dettonville.int/job/INFRA/job/repo-test-automation/job/ansible-utils/job/run-module-tests/job/main/107/)"/>
			</properties>
		</testcase>
		<testcase name="03" assertions="3" classname="remove_sensitive_keys" url="[test job link](https://jenkins.admin.dettonville.int/job/INFRA/job/repo-test-automation/job/ansible-utils/job/run-module-tests/job/main/107/)">
			<properties>
				<property name="assertions" value="{'validate_changed': {'failed': False, 'msg': 'All assertions passed'}, 'validate_failed': {'failed': False, 'msg': 'All assertions passed'}, 'validate_results': {'failed': False, 'msg': 'All assertions passed'}}"/>
				<property name="test_case_id" value="03"/>
				<property name="test_collection_version" value="2025.7.30"/>
				<property name="test_component_git_branch" value="main"/>
				<property name="test_component_git_commit_hash" value="fead686"/>
				<property name="test_date" value="2025-08-02T02:54:33Z"/>
				<property name="test_description" value="dict object - remove sensitive keys with key_patterns explicitly defined"/>
				<property name="test_failed" value="False"/>
				<property name="test_job_link" value="[test job link](https://jenkins.admin.dettonville.int/job/INFRA/job/repo-test-automation/job/ansible-utils/job/run-module-tests/job/main/107/)"/>
			</properties>
		</testcase>
		<testcase name="04" assertions="3" classname="remove_sensitive_keys" url="[test job link](https://jenkins.admin.dettonville.int/job/INFRA/job/repo-test-automation/job/ansible-utils/job/run-module-tests/job/main/107/)">
			<properties>
				<property name="assertions" value="{'validate_changed': {'failed': False, 'msg': 'All assertions passed'}, 'validate_failed': {'failed': False, 'msg': 'All assertions passed'}, 'validate_results': {'failed': False, 'msg': 'All assertions passed'}}"/>
				<property name="test_case_id" value="04"/>
				<property name="test_collection_version" value="2025.7.30"/>
				<property name="test_component_git_branch" value="main"/>
				<property name="test_component_git_commit_hash" value="fead686"/>
				<property name="test_date" value="2025-08-02T02:54:33Z"/>
				<property name="test_description" value="dict object - remove sensitive keys with both key_patterns and additional_key_patterns defined"/>
				<property name="test_failed" value="False"/>
				<property name="test_job_link" value="[test job link](https://jenkins.admin.dettonville.int/job/INFRA/job/repo-test-automation/job/ansible-utils/job/run-module-tests/job/main/107/)"/>
			</properties>
		</testcase>
		<testcase name="05" classname="remove_sensitive_keys">
			<skipped type="skipped">test_suite_id:test_case_id=remove_sensitive_keys:05 skipped</skipped>
		</testcase>
		<testcase name="06" classname="remove_sensitive_keys">
			<skipped type="skipped">test_suite_id:test_case_id=remove_sensitive_keys:06 skipped</skipped>
		</testcase>
	</testsuite>
	<testsuite assertions="12" disabled="0" errors="0" failures="0" name="sort_dict_list" skipped="0" tests="4" time="0">
		<testcase name="01" assertions="3" classname="sort_dict_list" url="[test job link](https://jenkins.admin.dettonville.int/job/INFRA/job/repo-test-automation/job/ansible-utils/job/run-module-tests/job/main/107/)">
			<properties>
				<property name="assertions" value="{'validate_changed': {'failed': False, 'msg': 'All assertions passed'}, 'validate_failed': {'failed': False, 'msg': 'All assertions passed'}, 'validate_results': {'failed': False, 'msg': 'All assertions passed'}}"/>
				<property name="test_case_id" value="01"/>
				<property name="test_collection_version" value="2025.7.30"/>
				<property name="test_component_git_branch" value="main"/>
				<property name="test_component_git_commit_hash" value="fead686"/>
				<property name="test_date" value="2025-08-02T02:54:33Z"/>
				<property name="test_description" value="single key sort test"/>
				<property name="test_failed" value="False"/>
				<property name="test_job_link" value="[test job link](https://jenkins.admin.dettonville.int/job/INFRA/job/repo-test-automation/job/ansible-utils/job/run-module-tests/job/main/107/)"/>
			</properties>
		</testcase>
		<testcase name="02" assertions="3" classname="sort_dict_list" url="[test job link](https://jenkins.admin.dettonville.int/job/INFRA/job/repo-test-automation/job/ansible-utils/job/run-module-tests/job/main/107/)">
			<properties>
				<property name="assertions" value="{'validate_changed': {'failed': False, 'msg': 'All assertions passed'}, 'validate_failed': {'failed': False, 'msg': 'All assertions passed'}, 'validate_results': {'failed': False, 'msg': 'All assertions passed'}}"/>
				<property name="test_case_id" value="02"/>
				<property name="test_collection_version" value="2025.7.30"/>
				<property name="test_component_git_branch" value="main"/>
				<property name="test_component_git_commit_hash" value="fead686"/>
				<property name="test_date" value="2025-08-02T02:54:33Z"/>
				<property name="test_description" value="single key sort test using list"/>
				<property name="test_failed" value="False"/>
				<property name="test_job_link" value="[test job link](https://jenkins.admin.dettonville.int/job/INFRA/job/repo-test-automation/job/ansible-utils/job/run-module-tests/job/main/107/)"/>
			</properties>
		</testcase>
		<testcase name="03" assertions="3" classname="sort_dict_list" url="[test job link](https://jenkins.admin.dettonville.int/job/INFRA/job/repo-test-automation/job/ansible-utils/job/run-module-tests/job/main/107/)">
			<properties>
				<property name="assertions" value="{'validate_changed': {'failed': False, 'msg': 'All assertions passed'}, 'validate_failed': {'failed': False, 'msg': 'All assertions passed'}, 'validate_results': {'failed': False, 'msg': 'All assertions passed'}}"/>
				<property name="test_case_id" value="03"/>
				<property name="test_collection_version" value="2025.7.30"/>
				<property name="test_component_git_branch" value="main"/>
				<property name="test_component_git_commit_hash" value="fead686"/>
				<property name="test_date" value="2025-08-02T02:54:33Z"/>
				<property name="test_description" value="multi key sort test"/>
				<property name="test_failed" value="False"/>
				<property name="test_job_link" value="[test job link](https://jenkins.admin.dettonville.int/job/INFRA/job/repo-test-automation/job/ansible-utils/job/run-module-tests/job/main/107/)"/>
			</properties>
		</testcase>
		<testcase name="04" assertions="3" classname="sort_dict_list" url="[test job link](https://jenkins.admin.dettonville.int/job/INFRA/job/repo-test-automation/job/ansible-utils/job/run-module-tests/job/main/107/)">
			<properties>
				<property name="assertions" value="{'validate_changed': {'failed': False, 'msg': 'All assertions passed'}, 'validate_failed': {'failed': False, 'msg': 'All assertions passed'}, 'validate_results': {'failed': False, 'msg': 'All assertions passed'}}"/>
				<property name="test_case_id" value="04"/>
				<property name="test_collection_version" value="2025.7.30"/>
				<property name="test_component_git_branch" value="main"/>
				<property name="test_component_git_commit_hash" value="fead686"/>
				<property name="test_date" value="2025-08-02T02:54:33Z"/>
				<property name="test_description" value="empty list sort test"/>
				<property name="test_failed" value="False"/>
				<property name="test_job_link" value="[test job link](https://jenkins.admin.dettonville.int/job/INFRA/job/repo-test-automation/job/ansible-utils/job/run-module-tests/job/main/107/)"/>
			</properties>
		</testcase>
	</testsuite>
	<testsuite disabled="0" errors="0" failures="0" name="test_results_logger" skipped="4" tests="4" time="0">
		<testcase name="01" classname="test_results_logger">
			<skipped type="skipped">test_suite_id:test_case_id=test_results_logger:01 skipped</skipped>
		</testcase>
		<testcase name="02" classname="test_results_logger">
			<skipped type="skipped">test_suite_id:test_case_id=test_results_logger:02 skipped</skipped>
		</testcase>
		<testcase name="03" classname="test_results_logger">
			<skipped type="skipped">test_suite_id:test_case_id=test_results_logger:03 skipped</skipped>
		</testcase>
		<testcase name="04" classname="test_results_logger">
			<skipped type="skipped">test_suite_id:test_case_id=test_results_logger:04 skipped</skipped>
		</testcase>
	</testsuite>
	<testsuite disabled="0" errors="0" failures="0" name="to_markdown" skipped="5" tests="5" time="0">
		<testcase name="01" classname="to_markdown">
			<skipped type="skipped">test_suite_id:test_case_id=to_markdown:01 skipped</skipped>
		</testcase>
		<testcase name="02" classname="to_markdown">
			<skipped type="skipped">test_suite_id:test_case_id=to_markdown:02 skipped</skipped>
		</testcase>
		<testcase name="03" classname="to_markdown">
			<skipped type="skipped">test_suite_id:test_case_id=to_markdown:03 skipped</skipped>
		</testcase>
		<testcase name="04" classname="to_markdown">
			<skipped type="skipped">test_suite_id:test_case_id=to_markdown:04 skipped</skipped>
		</testcase>
		<testcase name="05" classname="to_markdown">
			<skipped type="skipped">test_suite_id:test_case_id=to_markdown:05 skipped</skipped>
		</testcase>
	</testsuite>
</testsuites>
