<?xml version="1.0" ?>
<testsuites assertions="18" disabled="0" errors="0" failures="0" skipped="41" tests="47" time="0.0">
	<testsuite disabled="0" errors="0" failures="0" name="export_dicts" skipped="12" tests="12" time="0">
		<testcase name="01" classname="export_dicts">
			<skipped type="skipped">test_suite_id:test_case_id=export_dicts:01 skipped</skipped>
		</testcase>
		<testcase name="02" classname="export_dicts">
			<skipped type="skipped">test_suite_id:test_case_id=export_dicts:02 skipped</skipped>
		</testcase>
		<testcase name="03" classname="export_dicts">
			<skipped type="skipped">test_suite_id:test_case_id=export_dicts:03 skipped</skipped>
		</testcase>
		<testcase name="04" classname="export_dicts">
			<skipped type="skipped">test_suite_id:test_case_id=export_dicts:04 skipped</skipped>
		</testcase>
		<testcase name="05" classname="export_dicts">
			<skipped type="skipped">test_suite_id:test_case_id=export_dicts:05 skipped</skipped>
		</testcase>
		<testcase name="06" classname="export_dicts">
			<skipped type="skipped">test_suite_id:test_case_id=export_dicts:06 skipped</skipped>
		</testcase>
		<testcase name="07" classname="export_dicts">
			<skipped type="skipped">test_suite_id:test_case_id=export_dicts:07 skipped</skipped>
		</testcase>
		<testcase name="08" classname="export_dicts">
			<skipped type="skipped">test_suite_id:test_case_id=export_dicts:08 skipped</skipped>
		</testcase>
		<testcase name="09" classname="export_dicts">
			<skipped type="skipped">test_suite_id:test_case_id=export_dicts:09 skipped</skipped>
		</testcase>
		<testcase name="10" classname="export_dicts">
			<skipped type="skipped">test_suite_id:test_case_id=export_dicts:10 skipped</skipped>
		</testcase>
		<testcase name="11" classname="export_dicts">
			<skipped type="skipped">test_suite_id:test_case_id=export_dicts:11 skipped</skipped>
		</testcase>
		<testcase name="12" classname="export_dicts">
			<skipped type="skipped">test_suite_id:test_case_id=export_dicts:12 skipped</skipped>
		</testcase>
	</testsuite>
	<testsuite assertions="18" disabled="0" errors="0" failures="0" name="git_pacp" skipped="0" tests="6" time="0">
		<testcase name="01" assertions="3" classname="git_pacp" url="ljohnson:/Users/ljohnson/repos/ansible/ansible_collections/dettonville/utils/tests/integration/targets">
			<properties>
				<property name="assertions" value="{'validate_changed': {'failed': False, 'msg': 'All assertions passed'}, 'validate_failed': {'failed': False, 'msg': 'All assertions passed'}, 'validate_results': {'failed': False, 'msg': 'All assertions passed'}}"/>
				<property name="test_case_id" value="01"/>
				<property name="test_collection_version" value="2025.7.2"/>
				<property name="test_component_git_branch" value="main"/>
				<property name="test_component_git_commit_hash" value="97ff8d7"/>
				<property name="test_date" value="2025-07-05T15:07:27Z"/>
				<property name="test_description" value="SSH - NO-OP - expect result with changed: false"/>
				<property name="test_failed" value="False"/>
				<property name="test_job_link" value="ljohnson:/Users/ljohnson/repos/ansible/ansible_collections/dettonville/utils/tests/integration/targets"/>
			</properties>
		</testcase>
		<testcase name="02" assertions="3" classname="git_pacp" url="ljohnson:/Users/ljohnson/repos/ansible/ansible_collections/dettonville/utils/tests/integration/targets">
			<properties>
				<property name="assertions" value="{'validate_changed': {'failed': False, 'msg': 'All assertions passed'}, 'validate_failed': {'failed': False, 'msg': 'All assertions passed'}, 'validate_results': {'failed': False, 'msg': 'All assertions passed'}}"/>
				<property name="test_case_id" value="02"/>
				<property name="test_collection_version" value="2025.7.2"/>
				<property name="test_component_git_branch" value="main"/>
				<property name="test_component_git_commit_hash" value="97ff8d7"/>
				<property name="test_date" value="2025-07-05T15:07:27Z"/>
				<property name="test_description" value="SSH - add test file"/>
				<property name="test_failed" value="False"/>
				<property name="test_job_link" value="ljohnson:/Users/ljohnson/repos/ansible/ansible_collections/dettonville/utils/tests/integration/targets"/>
			</properties>
		</testcase>
		<testcase name="03" assertions="3" classname="git_pacp" url="ljohnson:/Users/ljohnson/repos/ansible/ansible_collections/dettonville/utils/tests/integration/targets">
			<properties>
				<property name="assertions" value="{'validate_changed': {'failed': False, 'msg': 'All assertions passed'}, 'validate_failed': {'failed': False, 'msg': 'All assertions passed'}, 'validate_results': {'failed': False, 'msg': 'All assertions passed'}}"/>
				<property name="test_case_id" value="03"/>
				<property name="test_collection_version" value="2025.7.2"/>
				<property name="test_component_git_branch" value="main"/>
				<property name="test_component_git_commit_hash" value="97ff8d7"/>
				<property name="test_date" value="2025-07-05T15:07:27Z"/>
				<property name="test_description" value="SSH - add test file with explicit `add` path"/>
				<property name="test_failed" value="False"/>
				<property name="test_job_link" value="ljohnson:/Users/ljohnson/repos/ansible/ansible_collections/dettonville/utils/tests/integration/targets"/>
			</properties>
		</testcase>
		<testcase name="04" assertions="3" classname="git_pacp" url="ljohnson:/Users/ljohnson/repos/ansible/ansible_collections/dettonville/utils/tests/integration/targets">
			<properties>
				<property name="assertions" value="{'validate_changed': {'failed': False, 'msg': 'All assertions passed'}, 'validate_failed': {'failed': False, 'msg': 'All assertions passed'}, 'validate_results': {'failed': False, 'msg': 'All assertions passed'}}"/>
				<property name="test_case_id" value="04"/>
				<property name="test_collection_version" value="2025.7.2"/>
				<property name="test_component_git_branch" value="main"/>
				<property name="test_component_git_commit_hash" value="97ff8d7"/>
				<property name="test_date" value="2025-07-05T15:07:27Z"/>
				<property name="test_description" value="SSH - expect default `add` path work"/>
				<property name="test_failed" value="False"/>
				<property name="test_job_link" value="ljohnson:/Users/ljohnson/repos/ansible/ansible_collections/dettonville/utils/tests/integration/targets"/>
			</properties>
		</testcase>
		<testcase name="05" assertions="3" classname="git_pacp" url="ljohnson:/Users/ljohnson/repos/ansible/ansible_collections/dettonville/utils/tests/integration/targets">
			<properties>
				<property name="assertions" value="{'validate_changed': {'failed': False, 'msg': 'All assertions passed'}, 'validate_failed': {'failed': False, 'msg': 'All assertions passed'}, 'validate_results': {'failed': False, 'msg': 'All assertions passed'}}"/>
				<property name="test_case_id" value="05"/>
				<property name="test_collection_version" value="2025.7.2"/>
				<property name="test_component_git_branch" value="main"/>
				<property name="test_component_git_commit_hash" value="97ff8d7"/>
				<property name="test_date" value="2025-07-05T15:07:27Z"/>
				<property name="test_description" value="SSH - add test file with remote alias defined"/>
				<property name="test_failed" value="False"/>
				<property name="test_job_link" value="ljohnson:/Users/ljohnson/repos/ansible/ansible_collections/dettonville/utils/tests/integration/targets"/>
			</properties>
		</testcase>
		<testcase name="06" assertions="3" classname="git_pacp" url="ljohnson:/Users/ljohnson/repos/ansible/ansible_collections/dettonville/utils/tests/integration/targets">
			<properties>
				<property name="assertions" value="{'validate_changed': {'failed': False, 'msg': 'All assertions passed'}, 'validate_failed': {'failed': False, 'msg': 'All assertions passed'}, 'validate_results': {'failed': False, 'msg': 'All assertions passed'}}"/>
				<property name="test_case_id" value="06"/>
				<property name="test_collection_version" value="2025.7.2"/>
				<property name="test_component_git_branch" value="main"/>
				<property name="test_component_git_commit_hash" value="97ff8d7"/>
				<property name="test_date" value="2025-07-05T15:07:27Z"/>
				<property name="test_description" value="SSH - remove test file"/>
				<property name="test_failed" value="False"/>
				<property name="test_job_link" value="ljohnson:/Users/ljohnson/repos/ansible/ansible_collections/dettonville/utils/tests/integration/targets"/>
			</properties>
		</testcase>
	</testsuite>
	<testsuite disabled="0" errors="0" failures="0" name="remove_dict_keys" skipped="10" tests="10" time="0">
		<testcase name="01" classname="remove_dict_keys">
			<skipped type="skipped">test_suite_id:test_case_id=remove_dict_keys:01 skipped</skipped>
		</testcase>
		<testcase name="02" classname="remove_dict_keys">
			<skipped type="skipped">test_suite_id:test_case_id=remove_dict_keys:02 skipped</skipped>
		</testcase>
		<testcase name="03" classname="remove_dict_keys">
			<skipped type="skipped">test_suite_id:test_case_id=remove_dict_keys:03 skipped</skipped>
		</testcase>
		<testcase name="04" classname="remove_dict_keys">
			<skipped type="skipped">test_suite_id:test_case_id=remove_dict_keys:04 skipped</skipped>
		</testcase>
		<testcase name="05" classname="remove_dict_keys">
			<skipped type="skipped">test_suite_id:test_case_id=remove_dict_keys:05 skipped</skipped>
		</testcase>
		<testcase name="06" classname="remove_dict_keys">
			<skipped type="skipped">test_suite_id:test_case_id=remove_dict_keys:06 skipped</skipped>
		</testcase>
		<testcase name="07" classname="remove_dict_keys">
			<skipped type="skipped">test_suite_id:test_case_id=remove_dict_keys:07 skipped</skipped>
		</testcase>
		<testcase name="08" classname="remove_dict_keys">
			<skipped type="skipped">test_suite_id:test_case_id=remove_dict_keys:08 skipped</skipped>
		</testcase>
		<testcase name="09" classname="remove_dict_keys">
			<skipped type="skipped">test_suite_id:test_case_id=remove_dict_keys:09 skipped</skipped>
		</testcase>
		<testcase name="10" classname="remove_dict_keys">
			<skipped type="skipped">test_suite_id:test_case_id=remove_dict_keys:10 skipped</skipped>
		</testcase>
	</testsuite>
	<testsuite disabled="0" errors="0" failures="0" name="remove_sensitive_keys" skipped="6" tests="6" time="0">
		<testcase name="01" classname="remove_sensitive_keys">
			<skipped type="skipped">test_suite_id:test_case_id=remove_sensitive_keys:01 skipped</skipped>
		</testcase>
		<testcase name="02" classname="remove_sensitive_keys">
			<skipped type="skipped">test_suite_id:test_case_id=remove_sensitive_keys:02 skipped</skipped>
		</testcase>
		<testcase name="03" classname="remove_sensitive_keys">
			<skipped type="skipped">test_suite_id:test_case_id=remove_sensitive_keys:03 skipped</skipped>
		</testcase>
		<testcase name="04" classname="remove_sensitive_keys">
			<skipped type="skipped">test_suite_id:test_case_id=remove_sensitive_keys:04 skipped</skipped>
		</testcase>
		<testcase name="05" classname="remove_sensitive_keys">
			<skipped type="skipped">test_suite_id:test_case_id=remove_sensitive_keys:05 skipped</skipped>
		</testcase>
		<testcase name="06" classname="remove_sensitive_keys">
			<skipped type="skipped">test_suite_id:test_case_id=remove_sensitive_keys:06 skipped</skipped>
		</testcase>
	</testsuite>
	<testsuite disabled="0" errors="0" failures="0" name="sort_dict_list" skipped="4" tests="4" time="0">
		<testcase name="01" classname="sort_dict_list">
			<skipped type="skipped">test_suite_id:test_case_id=sort_dict_list:01 skipped</skipped>
		</testcase>
		<testcase name="02" classname="sort_dict_list">
			<skipped type="skipped">test_suite_id:test_case_id=sort_dict_list:02 skipped</skipped>
		</testcase>
		<testcase name="03" classname="sort_dict_list">
			<skipped type="skipped">test_suite_id:test_case_id=sort_dict_list:03 skipped</skipped>
		</testcase>
		<testcase name="04" classname="sort_dict_list">
			<skipped type="skipped">test_suite_id:test_case_id=sort_dict_list:04 skipped</skipped>
		</testcase>
	</testsuite>
	<testsuite disabled="0" errors="0" failures="0" name="test_results_logger" skipped="4" tests="4" time="0">
		<testcase name="01" classname="test_results_logger">
			<skipped type="skipped">test_suite_id:test_case_id=test_results_logger:01 skipped</skipped>
		</testcase>
		<testcase name="02" classname="test_results_logger">
			<skipped type="skipped">test_suite_id:test_case_id=test_results_logger:02 skipped</skipped>
		</testcase>
		<testcase name="03" classname="test_results_logger">
			<skipped type="skipped">test_suite_id:test_case_id=test_results_logger:03 skipped</skipped>
		</testcase>
		<testcase name="04" classname="test_results_logger">
			<skipped type="skipped">test_suite_id:test_case_id=test_results_logger:04 skipped</skipped>
		</testcase>
	</testsuite>
	<testsuite disabled="0" errors="0" failures="0" name="to_markdown" skipped="5" tests="5" time="0">
		<testcase name="01" classname="to_markdown">
			<skipped type="skipped">test_suite_id:test_case_id=to_markdown:01 skipped</skipped>
		</testcase>
		<testcase name="02" classname="to_markdown">
			<skipped type="skipped">test_suite_id:test_case_id=to_markdown:02 skipped</skipped>
		</testcase>
		<testcase name="03" classname="to_markdown">
			<skipped type="skipped">test_suite_id:test_case_id=to_markdown:03 skipped</skipped>
		</testcase>
		<testcase name="04" classname="to_markdown">
			<skipped type="skipped">test_suite_id:test_case_id=to_markdown:04 skipped</skipped>
		</testcase>
		<testcase name="05" classname="to_markdown">
			<skipped type="skipped">test_suite_id:test_case_id=to_markdown:05 skipped</skipped>
		</testcase>
	</testsuite>
</testsuites>
