<?xml version="1.0" ?>
<testsuites assertions="8" disabled="0" errors="0" failures="1" skipped="5" tests="7" time="0.0">
	<testsuite assertions="8" disabled="0" errors="0" failures="1" name="export_dicts" skipped="2" tests="4" time="0">
		<properties>
			<property name="collection_version" value="2024.5.3"/>
			<property name="component_git_commit_hash" value="98f3c9c"/>
			<property name="date" value="2024-05-25T18:17:27Z"/>
			<property name="failed" value="False"/>
			<property name="job_link" value="[test job link](https://infracicdd1s1.example.org/jenkins/job/INFRA/job/repo-test-automation/job/dettonville.utils/job/run-module-tests/job/develop-lj/949/)"/>
		</properties>
		<testcase name="01" assertions="4" classname="export_dicts">
			<properties>
				<property name="assertions" value="{'validate_changed': {'failed': False, 'msg': 'All assertions passed'}, 'validate_failed': {'failed': False, 'msg': 'All assertions passed'}, 'validate_message': {'failed': False, 'msg': 'All assertions passed'}, 'validate_results': {'failed': False, 'msg': 'All assertions passed'}}"/>
				<property name="collection_version" value="2024.5.3"/>
				<property name="component_git_branch" value="develop-lj"/>
				<property name="component_git_commit_hash" value="98f3c9c"/>
				<property name="date" value="2024-05-25T18:17:27Z"/>
				<property name="description" value="CSV test"/>
				<property name="failed" value="False"/>
				<property name="job_link" value="[test job link](https://infracicdd1s1.example.org/jenkins/job/INFRA/job/repo-test-automation/job/dettonville.utils/job/run-module-tests/job/develop-lj/949/)"/>
			</properties>
		</testcase>
		<testcase name="02" classname="export_dicts">
			<skipped type="skipped">test_suite_id:test_case_id=export_dicts:02 skipped</skipped>
		</testcase>
		<testcase name="03" assertions="4" classname="export_dicts">
			<failure type="failure">validate_results: {'failed': True, 'msg': 'Difference found between test_results and test_expected!'}</failure>
			<properties>
				<property name="assertions" value="{'validate_changed': {'failed': False, 'msg': 'All assertions passed'}, 'validate_failed': {'failed': False, 'msg': 'All assertions passed'}, 'validate_message': {'failed': False, 'msg': 'All assertions passed'}, 'validate_results': {'failed': True, 'msg': 'Difference found between test_results and test_expected!'}}"/>
				<property name="collection_version" value="2024.5.3"/>
				<property name="component_git_branch" value="develop-lj"/>
				<property name="component_git_commit_hash" value="98f3c9c"/>
				<property name="date" value="2024-05-25T18:17:27Z"/>
				<property name="description" value="CSV test - encoded string values"/>
				<property name="failed" value="False"/>
				<property name="job_link" value="[test job link](https://infracicdd1s1.example.org/jenkins/job/INFRA/job/repo-test-automation/job/dettonville.utils/job/run-module-tests/job/develop-lj/949/)"/>
			</properties>
		</testcase>
		<testcase name="04" classname="export_dicts">
			<skipped type="skipped">test_suite_id:test_case_id=export_dicts:04 skipped</skipped>
		</testcase>
	</testsuite>
	<testsuite disabled="0" errors="0" failures="0" name="git_acp" skipped="3" tests="3" time="0">
		<testcase name="01" classname="git_acp">
			<skipped type="skipped">test_suite_id:test_case_id=git_acp:01 skipped</skipped>
		</testcase>
		<testcase name="02" classname="git_acp">
			<skipped type="skipped">test_suite_id:test_case_id=git_acp:02 skipped</skipped>
		</testcase>
		<testcase name="03" classname="git_acp">
			<skipped type="skipped">test_suite_id:test_case_id=git_acp:03 skipped</skipped>
		</testcase>
	</testsuite>
</testsuites>
