<?xml version="1.0" ?>
<testsuites assertions="4" disabled="0" errors="0" failures="1" skipped="66" tests="67" time="0.0">
	<testsuite disabled="0" errors="0" failures="0" name="update_groups" skipped="32" tests="32" time="0">
		<testcase name="group01" classname="update_groups">
			<skipped type="skipped">test_suite_id:test_case_id=update_groups:group01 skipped</skipped>
		</testcase>
		<testcase name="group02" classname="update_groups">
			<skipped type="skipped">test_suite_id:test_case_id=update_groups:group02 skipped</skipped>
		</testcase>
		<testcase name="group03" classname="update_groups">
			<skipped type="skipped">test_suite_id:test_case_id=update_groups:group03 skipped</skipped>
		</testcase>
		<testcase name="group04" classname="update_groups">
			<skipped type="skipped">test_suite_id:test_case_id=update_groups:group04 skipped</skipped>
		</testcase>
		<testcase name="group05" classname="update_groups">
			<skipped type="skipped">test_suite_id:test_case_id=update_groups:group05 skipped</skipped>
		</testcase>
		<testcase name="group06" classname="update_groups">
			<skipped type="skipped">test_suite_id:test_case_id=update_groups:group06 skipped</skipped>
		</testcase>
		<testcase name="group07" classname="update_groups">
			<skipped type="skipped">test_suite_id:test_case_id=update_groups:group07 skipped</skipped>
		</testcase>
		<testcase name="group08" classname="update_groups">
			<skipped type="skipped">test_suite_id:test_case_id=update_groups:group08 skipped</skipped>
		</testcase>
		<testcase name="group09" classname="update_groups">
			<skipped type="skipped">test_suite_id:test_case_id=update_groups:group09 skipped</skipped>
		</testcase>
		<testcase name="group10" classname="update_groups">
			<skipped type="skipped">test_suite_id:test_case_id=update_groups:group10 skipped</skipped>
		</testcase>
		<testcase name="group11" classname="update_groups">
			<skipped type="skipped">test_suite_id:test_case_id=update_groups:group11 skipped</skipped>
		</testcase>
		<testcase name="group12" classname="update_groups">
			<skipped type="skipped">test_suite_id:test_case_id=update_groups:group12 skipped</skipped>
		</testcase>
		<testcase name="group13" classname="update_groups">
			<skipped type="skipped">test_suite_id:test_case_id=update_groups:group13 skipped</skipped>
		</testcase>
		<testcase name="group14" classname="update_groups">
			<skipped type="skipped">test_suite_id:test_case_id=update_groups:group14 skipped</skipped>
		</testcase>
		<testcase name="group15" classname="update_groups">
			<skipped type="skipped">test_suite_id:test_case_id=update_groups:group15 skipped</skipped>
		</testcase>
		<testcase name="group16" classname="update_groups">
			<skipped type="skipped">test_suite_id:test_case_id=update_groups:group16 skipped</skipped>
		</testcase>
		<testcase name="group17" classname="update_groups">
			<skipped type="skipped">test_suite_id:test_case_id=update_groups:group17 skipped</skipped>
		</testcase>
		<testcase name="group18" classname="update_groups">
			<skipped type="skipped">test_suite_id:test_case_id=update_groups:group18 skipped</skipped>
		</testcase>
		<testcase name="group19" classname="update_groups">
			<skipped type="skipped">test_suite_id:test_case_id=update_groups:group19 skipped</skipped>
		</testcase>
		<testcase name="group20" classname="update_groups">
			<skipped type="skipped">test_suite_id:test_case_id=update_groups:group20 skipped</skipped>
		</testcase>
		<testcase name="group21" classname="update_groups">
			<skipped type="skipped">test_suite_id:test_case_id=update_groups:group21 skipped</skipped>
		</testcase>
		<testcase name="group22" classname="update_groups">
			<skipped type="skipped">test_suite_id:test_case_id=update_groups:group22 skipped</skipped>
		</testcase>
		<testcase name="group23" classname="update_groups">
			<skipped type="skipped">test_suite_id:test_case_id=update_groups:group23 skipped</skipped>
		</testcase>
		<testcase name="group24" classname="update_groups">
			<skipped type="skipped">test_suite_id:test_case_id=update_groups:group24 skipped</skipped>
		</testcase>
		<testcase name="group25" classname="update_groups">
			<skipped type="skipped">test_suite_id:test_case_id=update_groups:group25 skipped</skipped>
		</testcase>
		<testcase name="group26" classname="update_groups">
			<skipped type="skipped">test_suite_id:test_case_id=update_groups:group26 skipped</skipped>
		</testcase>
		<testcase name="group27" classname="update_groups">
			<skipped type="skipped">test_suite_id:test_case_id=update_groups:group27 skipped</skipped>
		</testcase>
		<testcase name="group28" classname="update_groups">
			<skipped type="skipped">test_suite_id:test_case_id=update_groups:group28 skipped</skipped>
		</testcase>
		<testcase name="group29" classname="update_groups">
			<skipped type="skipped">test_suite_id:test_case_id=update_groups:group29 skipped</skipped>
		</testcase>
		<testcase name="group30" classname="update_groups">
			<skipped type="skipped">test_suite_id:test_case_id=update_groups:group30 skipped</skipped>
		</testcase>
		<testcase name="group31" classname="update_groups">
			<skipped type="skipped">test_suite_id:test_case_id=update_groups:group31 skipped</skipped>
		</testcase>
		<testcase name="group32" classname="update_groups">
			<skipped type="skipped">test_suite_id:test_case_id=update_groups:group32 skipped</skipped>
		</testcase>
	</testsuite>
	<testsuite disabled="0" errors="0" failures="0" name="update_hosts" skipped="29" tests="29" time="0">
		<testcase name="host01" classname="update_hosts">
			<skipped type="skipped">test_suite_id:test_case_id=update_hosts:host01 skipped</skipped>
		</testcase>
		<testcase name="host02" classname="update_hosts">
			<skipped type="skipped">test_suite_id:test_case_id=update_hosts:host02 skipped</skipped>
		</testcase>
		<testcase name="host03" classname="update_hosts">
			<skipped type="skipped">test_suite_id:test_case_id=update_hosts:host03 skipped</skipped>
		</testcase>
		<testcase name="host04" classname="update_hosts">
			<skipped type="skipped">test_suite_id:test_case_id=update_hosts:host04 skipped</skipped>
		</testcase>
		<testcase name="host05" classname="update_hosts">
			<skipped type="skipped">test_suite_id:test_case_id=update_hosts:host05 skipped</skipped>
		</testcase>
		<testcase name="host06" classname="update_hosts">
			<skipped type="skipped">test_suite_id:test_case_id=update_hosts:host06 skipped</skipped>
		</testcase>
		<testcase name="host07" classname="update_hosts">
			<skipped type="skipped">test_suite_id:test_case_id=update_hosts:host07 skipped</skipped>
		</testcase>
		<testcase name="host08" classname="update_hosts">
			<skipped type="skipped">test_suite_id:test_case_id=update_hosts:host08 skipped</skipped>
		</testcase>
		<testcase name="host09" classname="update_hosts">
			<skipped type="skipped">test_suite_id:test_case_id=update_hosts:host09 skipped</skipped>
		</testcase>
		<testcase name="host10" classname="update_hosts">
			<skipped type="skipped">test_suite_id:test_case_id=update_hosts:host10 skipped</skipped>
		</testcase>
		<testcase name="host11" classname="update_hosts">
			<skipped type="skipped">test_suite_id:test_case_id=update_hosts:host11 skipped</skipped>
		</testcase>
		<testcase name="host12" classname="update_hosts">
			<skipped type="skipped">test_suite_id:test_case_id=update_hosts:host12 skipped</skipped>
		</testcase>
		<testcase name="host13" classname="update_hosts">
			<skipped type="skipped">test_suite_id:test_case_id=update_hosts:host13 skipped</skipped>
		</testcase>
		<testcase name="host14" classname="update_hosts">
			<skipped type="skipped">test_suite_id:test_case_id=update_hosts:host14 skipped</skipped>
		</testcase>
		<testcase name="host15" classname="update_hosts">
			<skipped type="skipped">test_suite_id:test_case_id=update_hosts:host15 skipped</skipped>
		</testcase>
		<testcase name="host16" classname="update_hosts">
			<skipped type="skipped">test_suite_id:test_case_id=update_hosts:host16 skipped</skipped>
		</testcase>
		<testcase name="host17" classname="update_hosts">
			<skipped type="skipped">test_suite_id:test_case_id=update_hosts:host17 skipped</skipped>
		</testcase>
		<testcase name="host18" classname="update_hosts">
			<skipped type="skipped">test_suite_id:test_case_id=update_hosts:host18 skipped</skipped>
		</testcase>
		<testcase name="host19" classname="update_hosts">
			<skipped type="skipped">test_suite_id:test_case_id=update_hosts:host19 skipped</skipped>
		</testcase>
		<testcase name="host20" classname="update_hosts">
			<skipped type="skipped">test_suite_id:test_case_id=update_hosts:host20 skipped</skipped>
		</testcase>
		<testcase name="host21" classname="update_hosts">
			<skipped type="skipped">test_suite_id:test_case_id=update_hosts:host21 skipped</skipped>
		</testcase>
		<testcase name="host22" classname="update_hosts">
			<skipped type="skipped">test_suite_id:test_case_id=update_hosts:host22 skipped</skipped>
		</testcase>
		<testcase name="host23" classname="update_hosts">
			<skipped type="skipped">test_suite_id:test_case_id=update_hosts:host23 skipped</skipped>
		</testcase>
		<testcase name="host24" classname="update_hosts">
			<skipped type="skipped">test_suite_id:test_case_id=update_hosts:host24 skipped</skipped>
		</testcase>
		<testcase name="host25" classname="update_hosts">
			<skipped type="skipped">test_suite_id:test_case_id=update_hosts:host25 skipped</skipped>
		</testcase>
		<testcase name="host26" classname="update_hosts">
			<skipped type="skipped">test_suite_id:test_case_id=update_hosts:host26 skipped</skipped>
		</testcase>
		<testcase name="host27" classname="update_hosts">
			<skipped type="skipped">test_suite_id:test_case_id=update_hosts:host27 skipped</skipped>
		</testcase>
		<testcase name="host28" classname="update_hosts">
			<skipped type="skipped">test_suite_id:test_case_id=update_hosts:host28 skipped</skipped>
		</testcase>
		<testcase name="host29" classname="update_hosts">
			<skipped type="skipped">test_suite_id:test_case_id=update_hosts:host29 skipped</skipped>
		</testcase>
	</testsuite>
	<testsuite assertions="4" disabled="0" errors="0" failures="1" name="update_inventory" skipped="5" tests="6" time="0">
		<testcase name="combined01" classname="update_inventory">
			<skipped type="skipped">test_suite_id:test_case_id=update_inventory:combined01 skipped</skipped>
		</testcase>
		<testcase name="combined02" classname="update_inventory">
			<skipped type="skipped">test_suite_id:test_case_id=update_inventory:combined02 skipped</skipped>
		</testcase>
		<testcase name="combined03" classname="update_inventory">
			<skipped type="skipped">test_suite_id:test_case_id=update_inventory:combined03 skipped</skipped>
		</testcase>
		<testcase name="combined04" classname="update_inventory">
			<skipped type="skipped">test_suite_id:test_case_id=update_inventory:combined04 skipped</skipped>
		</testcase>
		<testcase name="combined05" classname="update_inventory">
			<skipped type="skipped">test_suite_id:test_case_id=update_inventory:combined05 skipped</skipped>
		</testcase>
		<testcase name="group01" assertions="4" classname="update_inventory" url="ljohnson:/Users/ljohnson/repos/ansible/ansible_collections/dettonville/git_inventory/tests/integration/targets">
			<failure type="failure">validate_results: {'failed': True, 'msg': 'Difference found between test_results and test_expected!'}</failure>
			<properties>
				<property name="assertions" value="{'validate_changed': {'failed': True, 'msg': 'Assertion failed'}, 'validate_failed': {'failed': True, 'msg': 'Assertion failed'}, 'validate_message': {'failed': True, 'msg': 'Assertion failed'}, 'validate_results': {'failed': True, 'msg': 'Difference found between test_results and test_expected!'}}"/>
				<property name="test_case_id" value="group01"/>
				<property name="test_collection_version" value="2025.7.2"/>
				<property name="test_component_git_branch" value="main"/>
				<property name="test_component_git_commit_hash" value="acc97fd"/>
				<property name="test_date" value="2025-07-10T18:40:44Z"/>
				<property name="test_description" value="Add groups"/>
				<property name="test_failed" value="True"/>
				<property name="test_job_link" value="ljohnson:/Users/ljohnson/repos/ansible/ansible_collections/dettonville/git_inventory/tests/integration/targets"/>
			</properties>
		</testcase>
	</testsuite>
</testsuites>
